<agent uri="http://agent-1:4444"/>
