<agent uri="http://agent-2:4445"/>
